<<<<<<< HEAD
10:25:07.273 [NamespaceSystem-akka.actor.default-dispatcher-4] INFO akka.event.slf4j.Slf4jLogger - Slf4jLogger started
10:25:07.370 [main] INFO com.firebase.server.forge.App$ - Listening at 127.0.0.1:9000
10:25:07.816 [NamespaceSystem-akka.actor.default-dispatcher-4] INFO com.firebase.core.namespace.NamespaceActor - ktp-site-default-rtdb successfully activated FBKV (SurveyIdle(0)) wait: 72ms, init: 0ms
10:25:23.396 [NamespaceSystem-blocking-namespace-operation-dispatcher-9] INFO com.firebase.core.namespace.StateManager - Namespace ktp-site-default-rtdb status Active to Active
11:03:55.710 [FirebaseWorkerPool-1-4] WARN com.firebase.core.persistence.backend.dummy.EmulatorMetadataPersistence - Multiple projectIds are not recommended in single project mode. Requested 
namespace ktp-site, but the emulator is configured for ktp-site-default-rtdb. To 
opt-out of single project mode add/set the single_project_mode: false property in 
the firebase.json emulators config. 
11:03:55.722 [NamespaceSystem-akka.actor.default-dispatcher-59] INFO com.firebase.core.namespace.NamespaceActor - ktp-site successfully activated FBKV (SurveyIdle(0)) wait: 3ms, init: 0ms
11:04:20.189 [NamespaceSystem-blocking-namespace-operation-dispatcher-69] INFO com.firebase.core.namespace.StateManager - Namespace ktp-site-default-rtdb status Active to Active
11:04:33.134 [NamespaceSystem-blocking-namespace-operation-dispatcher-71] INFO com.firebase.core.namespace.StateManager - Namespace ktp-site-default-rtdb status Active to Active
11:14:06.625 [NamespaceSystem-blocking-namespace-operation-dispatcher-112] INFO com.firebase.core.namespace.StateManager - Namespace ktp-site-default-rtdb status Active to Active
11:17:48.933 [NamespaceSystem-blocking-namespace-operation-dispatcher-140] INFO com.firebase.core.namespace.StateManager - Namespace ktp-site-default-rtdb status Active to Active
11:30:13.263 [NamespaceSystem-blocking-namespace-operation-dispatcher-157] INFO com.firebase.core.stats.EventAuditLog - {"eventId":"bKUNs1V/wMbeRCFi/dgsiHy2kUI=","namespace":"ktp-site-default-rtdb","projectNumber":"123456789","eventType":"providers/google.firebase.database/eventTypes/ref.update","flowName":"projects/ktp-site/topics/us-central1-onLeetcodeUpdate-0","resource":"projects/_/instances/ktp-site-default-rtdb/refs/public_users/XC53tO5vY4Qfsw0BEhm0TIaIz4Tn/leetcode/username","evaluationTimestamp":"2023-02-07T17:30:13.232Z","stage":"TRIGGERED"}
11:32:26.527 [NamespaceSystem-blocking-namespace-operation-dispatcher-171] INFO com.firebase.core.stats.EventAuditLog - {"eventId":"Mu8lMCJtcUjnqmm2cZ9gQFTHlyU=","namespace":"ktp-site-default-rtdb","projectNumber":"123456789","eventType":"providers/google.firebase.database/eventTypes/ref.update","flowName":"projects/ktp-site/topics/us-central1-onLeetcodeUpdate-0","resource":"projects/_/instances/ktp-site-default-rtdb/refs/public_users/XC53tO5vY4Qfsw0BEhm0TIaIz4Tn/leetcode/username","evaluationTimestamp":"2023-02-07T17:32:26.524Z","stage":"TRIGGERED"}
11:34:35.592 [NamespaceSystem-blocking-namespace-operation-dispatcher-185] INFO com.firebase.core.stats.EventAuditLog - {"eventId":"+B/OWNx87iDn6BEe6wnAoTf+iVc=","namespace":"ktp-site-default-rtdb","projectNumber":"123456789","eventType":"providers/google.firebase.database/eventTypes/ref.update","flowName":"projects/ktp-site/topics/us-central1-onLeetcodeUpdate-0","resource":"projects/_/instances/ktp-site-default-rtdb/refs/public_users/XC53tO5vY4Qfsw0BEhm0TIaIz4Tn/leetcode/username","evaluationTimestamp":"2023-02-07T17:34:35.590Z","stage":"TRIGGERED"}
11:34:43.131 [NamespaceSystem-blocking-namespace-operation-dispatcher-189] INFO com.firebase.core.stats.EventAuditLog - {"eventId":"UutLxFDjp9hiiw+SsvoYQyQzjq0=","namespace":"ktp-site-default-rtdb","projectNumber":"123456789","eventType":"providers/google.firebase.database/eventTypes/ref.update","flowName":"projects/ktp-site/topics/us-central1-onLeetcodeUpdate-0","resource":"projects/_/instances/ktp-site-default-rtdb/refs/public_users/XC53tO5vY4Qfsw0BEhm0TIaIz4Tn/leetcode/username","evaluationTimestamp":"2023-02-07T17:34:43.129Z","stage":"TRIGGERED"}
11:39:15.774 [NamespaceSystem-blocking-namespace-operation-dispatcher-201] INFO com.firebase.core.stats.EventAuditLog - {"eventId":"qJjlJg7I1dDxut1LDb2eDAPOfuM=","namespace":"ktp-site-default-rtdb","projectNumber":"123456789","eventType":"providers/google.firebase.database/eventTypes/ref.update","flowName":"projects/ktp-site/topics/us-central1-onLeetcodeUpdate-0","resource":"projects/_/instances/ktp-site-default-rtdb/refs/public_users/XC53tO5vY4Qfsw0BEhm0TIaIz4Tn/leetcode/username","evaluationTimestamp":"2023-02-07T17:39:15.771Z","stage":"TRIGGERED"}
11:41:11.763 [NamespaceSystem-blocking-namespace-operation-dispatcher-216] INFO com.firebase.core.stats.EventAuditLog - {"eventId":"P74gocFLEKbaSY5qx6u49BKKTc4=","namespace":"ktp-site-default-rtdb","projectNumber":"123456789","eventType":"providers/google.firebase.database/eventTypes/ref.update","flowName":"projects/ktp-site/topics/us-central1-onLeetcodeUpdate-0","resource":"projects/_/instances/ktp-site-default-rtdb/refs/public_users/XC53tO5vY4Qfsw0BEhm0TIaIz4Tn/leetcode/username","evaluationTimestamp":"2023-02-07T17:41:11.761Z","stage":"TRIGGERED"}
11:41:46.669 [NamespaceSystem-blocking-namespace-operation-dispatcher-225] INFO com.firebase.core.namespace.StateManager - Namespace ktp-site-default-rtdb status Active to Active
13:49:26.480 [NamespaceSystem-blocking-namespace-operation-dispatcher-385] INFO com.firebase.core.stats.EventAuditLog - {"eventId":"phd8hNdY01HgT0RDACuBUs7LjvI=","namespace":"ktp-site-default-rtdb","projectNumber":"123456789","eventType":"providers/google.firebase.database/eventTypes/ref.update","flowName":"projects/ktp-site/topics/us-central1-onLeetcodeUpdate-0","resource":"projects/_/instances/ktp-site-default-rtdb/refs/public_users/XC53tO5vY4Qfsw0BEhm0TIaIz4Tn/leetcode/username","evaluationTimestamp":"2023-02-07T19:49:26.477Z","stage":"TRIGGERED"}
13:49:35.674 [NamespaceSystem-blocking-namespace-operation-dispatcher-393] INFO com.firebase.core.stats.EventAuditLog - {"eventId":"IqxJOrg3kfyS8n4at5rSGhPTjMc=","namespace":"ktp-site-default-rtdb","projectNumber":"123456789","eventType":"providers/google.firebase.database/eventTypes/ref.update","flowName":"projects/ktp-site/topics/us-central1-onLeetcodeUpdate-0","resource":"projects/_/instances/ktp-site-default-rtdb/refs/public_users/XC53tO5vY4Qfsw0BEhm0TIaIz4Tn/leetcode/username","evaluationTimestamp":"2023-02-07T19:49:35.672Z","stage":"TRIGGERED"}
14:13:04.755 [NamespaceSystem-blocking-namespace-operation-dispatcher-432] INFO com.firebase.core.stats.EventAuditLog - {"eventId":"UdcfA5jMej3ujnI2Q5uFwOFUsd4=","namespace":"ktp-site-default-rtdb","projectNumber":"123456789","eventType":"providers/google.firebase.database/eventTypes/ref.update","flowName":"projects/ktp-site/topics/us-central1-onLeetcodeUpdate-0","resource":"projects/_/instances/ktp-site-default-rtdb/refs/public_users/XC53tO5vY4Qfsw0BEhm0TIaIz4Tn/leetcode/username","evaluationTimestamp":"2023-02-07T20:13:04.752Z","stage":"TRIGGERED"}
14:16:50.960 [NamespaceSystem-blocking-namespace-operation-dispatcher-440] INFO com.firebase.core.stats.EventAuditLog - {"eventId":"6qkvr8x1RnZGvgFbqKo2hFrFt84=","namespace":"ktp-site-default-rtdb","projectNumber":"123456789","eventType":"providers/google.firebase.database/eventTypes/ref.update","flowName":"projects/ktp-site/topics/us-central1-onLeetcodeUpdate-0","resource":"projects/_/instances/ktp-site-default-rtdb/refs/public_users/XC53tO5vY4Qfsw0BEhm0TIaIz4Tn/leetcode/username","evaluationTimestamp":"2023-02-07T20:16:50.958Z","stage":"TRIGGERED"}
14:18:08.481 [NamespaceSystem-blocking-namespace-operation-dispatcher-451] INFO com.firebase.core.stats.EventAuditLog - {"eventId":"5vr0LrRG8wtXhWeaIrBOSCJbTtM=","namespace":"ktp-site-default-rtdb","projectNumber":"123456789","eventType":"providers/google.firebase.database/eventTypes/ref.update","flowName":"projects/ktp-site/topics/us-central1-onLeetcodeUpdate-0","resource":"projects/_/instances/ktp-site-default-rtdb/refs/public_users/XC53tO5vY4Qfsw0BEhm0TIaIz4Tn/leetcode/username","evaluationTimestamp":"2023-02-07T20:18:08.478Z","stage":"TRIGGERED"}
14:23:33.418 [NamespaceSystem-blocking-namespace-operation-dispatcher-494] INFO com.firebase.core.stats.EventAuditLog - {"eventId":"4C0D0ffO9Z0lkbRmx1GzDt6Ca14=","namespace":"ktp-site-default-rtdb","projectNumber":"123456789","eventType":"providers/google.firebase.database/eventTypes/ref.update","flowName":"projects/ktp-site/topics/us-central1-onLeetcodeUpdate-0","resource":"projects/_/instances/ktp-site-default-rtdb/refs/public_users/dMsDEKltWmfTJs2fmfInjl7qSZoA/leetcode/username","evaluationTimestamp":"2023-02-07T20:23:33.413Z","stage":"TRIGGERED"}
14:24:48.490 [NamespaceSystem-blocking-namespace-operation-dispatcher-503] INFO com.firebase.core.stats.EventAuditLog - {"eventId":"JmB5qbIfF2twJJaTXV7ZOrRsLHQ=","namespace":"ktp-site-default-rtdb","projectNumber":"123456789","eventType":"providers/google.firebase.database/eventTypes/ref.update","flowName":"projects/ktp-site/topics/us-central1-onLeetcodeUpdate-0","resource":"projects/_/instances/ktp-site-default-rtdb/refs/public_users/XC53tO5vY4Qfsw0BEhm0TIaIz4Tn/leetcode/username","evaluationTimestamp":"2023-02-07T20:24:48.486Z","stage":"TRIGGERED"}
16:09:36.243 [NamespaceSystem-blocking-namespace-operation-dispatcher-692] INFO com.firebase.core.namespace.StateManager - Namespace ktp-site-default-rtdb status Active to Active
16:10:22.465 [NamespaceSystem-blocking-namespace-operation-dispatcher-695] INFO com.firebase.core.stats.EventAuditLog - {"eventId":"TLfpx1XObYzvQBQNTc+SEHVodWg=","namespace":"ktp-site-default-rtdb","projectNumber":"123456789","eventType":"providers/google.firebase.database/eventTypes/ref.write","flowName":"projects/ktp-site/topics/us-central1-onLeetcodeUpdate-0","resource":"projects/_/instances/ktp-site-default-rtdb/refs/public_users/XC53tO5vY4Qfsw0BEhm0TIaIz4Tn/leetcode/username","evaluationTimestamp":"2023-02-07T22:10:22.457Z","stage":"TRIGGERED"}
16:10:34.841 [NamespaceSystem-blocking-namespace-operation-dispatcher-701] INFO com.firebase.core.stats.EventAuditLog - {"eventId":"CK33w37in+s1GZ425fG0sqysFtY=","namespace":"ktp-site-default-rtdb","projectNumber":"123456789","eventType":"providers/google.firebase.database/eventTypes/ref.write","flowName":"projects/ktp-site/topics/us-central1-onLeetcodeUpdate-0","resource":"projects/_/instances/ktp-site-default-rtdb/refs/public_users/XC53tO5vY4Qfsw0BEhm0TIaIz4Tn/leetcode/username","evaluationTimestamp":"2023-02-07T22:10:34.837Z","stage":"TRIGGERED"}
=======
WARNING: An illegal reflective access operation has occurred
WARNING: Illegal reflective access by io.netty.util.internal.ReflectionUtil (file:/Users/alexisrobles/.cache/firebase/emulators/firebase-database-emulator-v4.11.0.jar) to field sun.nio.ch.SelectorImpl.selectedKeys
WARNING: Please consider reporting this to the maintainers of io.netty.util.internal.ReflectionUtil
WARNING: Use --illegal-access=warn to enable warnings of further illegal reflective access operations
WARNING: All illegal access operations will be denied in a future release
19:07:54.095 [NamespaceSystem-akka.actor.default-dispatcher-6] INFO akka.event.slf4j.Slf4jLogger - Slf4jLogger started
19:07:54.598 [main] INFO com.firebase.server.forge.App$ - Listening at 127.0.0.1:9000
19:07:55.713 [NamespaceSystem-akka.actor.default-dispatcher-7] INFO com.firebase.core.namespace.NamespaceActor - ktp-site-default-rtdb successfully activated FBKV (SurveyIdle(0)) wait: 253ms, init: 0ms
19:08:18.564 [NamespaceSystem-blocking-namespace-operation-dispatcher-12] INFO com.firebase.core.namespace.StateManager - Namespace ktp-site-default-rtdb status Active to Active
>>>>>>> d7f897f834e0f7299eabd591e708dc9ea7f3d680
